[2018-11-25 14:27:15,685] DEBUG preRegister called. Server=com.sun.jmx.mbeanserver.JmxMBeanServer@66d3c617, name=log4j:logger=kafka.controller (kafka.controller)
[2018-11-25 14:27:51,622] INFO [ControllerEventThread controllerId=0] Starting (kafka.controller.ControllerEventManager$ControllerEventThread)
[2018-11-25 14:27:51,681] INFO [Controller id=0] 0 successfully elected as the controller (kafka.controller.KafkaController)
[2018-11-25 14:27:51,683] INFO [Controller id=0] Reading controller epoch from ZooKeeper (kafka.controller.KafkaController)
[2018-11-25 14:27:51,689] INFO [Controller id=0] Initialized controller epoch to 5 and zk version 4 (kafka.controller.KafkaController)
[2018-11-25 14:27:51,692] INFO [Controller id=0] Incrementing controller epoch in ZooKeeper (kafka.controller.KafkaController)
[2018-11-25 14:27:51,711] INFO [Controller id=0] Epoch incremented to 6 (kafka.controller.KafkaController)
[2018-11-25 14:27:51,712] INFO [Controller id=0] Registering handlers (kafka.controller.KafkaController)
[2018-11-25 14:27:51,727] INFO [Controller id=0] Deleting log dir event notifications (kafka.controller.KafkaController)
[2018-11-25 14:27:51,732] INFO [Controller id=0] Deleting isr change notifications (kafka.controller.KafkaController)
[2018-11-25 14:27:51,739] INFO [Controller id=0] Initializing controller context (kafka.controller.KafkaController)
[2018-11-25 14:27:51,878] DEBUG [Controller id=0] Register BrokerModifications handler for Set(0) (kafka.controller.KafkaController)
[2018-11-25 14:27:51,934] DEBUG [Channel manager on controller 0]: Controller 0 trying to connect to broker 0 (kafka.controller.ControllerChannelManager)
[2018-11-25 14:27:51,960] INFO [RequestSendThread controllerId=0] Starting (kafka.controller.RequestSendThread)
[2018-11-25 14:27:51,965] INFO [Controller id=0] Partitions being reassigned: Map() (kafka.controller.KafkaController)
[2018-11-25 14:27:51,971] INFO [Controller id=0] Currently active brokers in the cluster: Set(0) (kafka.controller.KafkaController)
[2018-11-25 14:27:51,974] INFO [Controller id=0] Currently shutting brokers in the cluster: Set() (kafka.controller.KafkaController)
[2018-11-25 14:27:51,977] INFO [Controller id=0] Current list of topics in the cluster: Set(post_signup, get_inbox, get_propertyphotos, get_dashboard, post_login, post_sendmessage, response_topic, get_home, post_book, get_propertydetails, get_searchresults, post_profile, post_ownerlogin, post_bookproperty, get_profile, post_lyp) (kafka.controller.KafkaController)
[2018-11-25 14:27:51,978] INFO [Controller id=0] Fetching topic deletions in progress (kafka.controller.KafkaController)
[2018-11-25 14:27:51,986] INFO [Controller id=0] List of topics to be deleted:  (kafka.controller.KafkaController)
[2018-11-25 14:27:51,990] INFO [Controller id=0] List of topics ineligible for deletion:  (kafka.controller.KafkaController)
[2018-11-25 14:27:51,990] INFO [Controller id=0] Initializing topic deletion manager (kafka.controller.KafkaController)
[2018-11-25 14:27:51,994] INFO [Controller id=0] Sending update metadata request (kafka.controller.KafkaController)
[2018-11-25 14:27:52,036] INFO [ReplicaStateMachine controllerId=0] Initializing replica state (kafka.controller.ReplicaStateMachine)
[2018-11-25 14:27:52,056] INFO [RequestSendThread controllerId=0] Controller 0 connected to 10.250.11.123:9092 (id: 0 rack: null) for sending state change requests (kafka.controller.RequestSendThread)
[2018-11-25 14:27:52,060] INFO [ReplicaStateMachine controllerId=0] Triggering online replica state changes (kafka.controller.ReplicaStateMachine)
[2018-11-25 14:27:52,192] INFO [ReplicaStateMachine controllerId=0] Started replica state machine with initial state -> Map([Topic=get_dashboard,Partition=0,Replica=0] -> OnlineReplica, [Topic=get_inbox,Partition=0,Replica=0] -> OnlineReplica, [Topic=get_propertydetails,Partition=0,Replica=0] -> OnlineReplica, [Topic=post_sendmessage,Partition=0,Replica=0] -> OnlineReplica, [Topic=get_searchresults,Partition=0,Replica=0] -> OnlineReplica, [Topic=post_bookproperty,Partition=0,Replica=0] -> OnlineReplica, [Topic=get_propertyphotos,Partition=0,Replica=0] -> OnlineReplica, [Topic=post_lyp,Partition=0,Replica=0] -> OnlineReplica, [Topic=response_topic,Partition=0,Replica=0] -> OnlineReplica, [Topic=post_login,Partition=0,Replica=0] -> OnlineReplica, [Topic=post_profile,Partition=0,Replica=0] -> OnlineReplica, [Topic=get_profile,Partition=0,Replica=0] -> OnlineReplica, [Topic=post_ownerlogin,Partition=0,Replica=0] -> OnlineReplica, [Topic=post_book,Partition=0,Replica=0] -> OnlineReplica, [Topic=get_home,Partition=0,Replica=0] -> OnlineReplica, [Topic=post_signup,Partition=0,Replica=0] -> OnlineReplica) (kafka.controller.ReplicaStateMachine)
[2018-11-25 14:27:52,193] INFO [PartitionStateMachine controllerId=0] Initializing partition state (kafka.controller.PartitionStateMachine)
[2018-11-25 14:27:52,208] INFO [PartitionStateMachine controllerId=0] Triggering online partition state changes (kafka.controller.PartitionStateMachine)
[2018-11-25 14:27:52,211] INFO [PartitionStateMachine controllerId=0] Started partition state machine with initial state -> Map(post_lyp-0 -> OnlinePartition, post_book-0 -> OnlinePartition, get_inbox-0 -> OnlinePartition, post_sendmessage-0 -> OnlinePartition, get_profile-0 -> OnlinePartition, get_home-0 -> OnlinePartition, post_signup-0 -> OnlinePartition, get_searchresults-0 -> OnlinePartition, get_dashboard-0 -> OnlinePartition, get_propertydetails-0 -> OnlinePartition, post_ownerlogin-0 -> OnlinePartition, post_login-0 -> OnlinePartition, get_propertyphotos-0 -> OnlinePartition, response_topic-0 -> OnlinePartition, post_profile-0 -> OnlinePartition, post_bookproperty-0 -> OnlinePartition) (kafka.controller.PartitionStateMachine)
[2018-11-25 14:27:52,212] INFO [Controller id=0] Ready to serve as the new controller with epoch 6 (kafka.controller.KafkaController)
[2018-11-25 14:27:52,225] INFO [Controller id=0] Partitions undergoing preferred replica election:  (kafka.controller.KafkaController)
[2018-11-25 14:27:52,225] INFO [Controller id=0] Partitions that completed preferred replica election:  (kafka.controller.KafkaController)
[2018-11-25 14:27:52,226] INFO [Controller id=0] Skipping preferred replica election for partitions due to topic deletion:  (kafka.controller.KafkaController)
[2018-11-25 14:27:52,227] INFO [Controller id=0] Resuming preferred replica election for partitions:  (kafka.controller.KafkaController)
[2018-11-25 14:27:52,230] INFO [Controller id=0] Starting preferred replica leader election for partitions  (kafka.controller.KafkaController)
[2018-11-25 14:27:52,250] INFO [Controller id=0] Starting the controller scheduler (kafka.controller.KafkaController)
[2018-11-25 14:27:57,255] TRACE [Controller id=0] Checking need to trigger auto leader balancing (kafka.controller.KafkaController)
[2018-11-25 14:27:57,268] DEBUG [Controller id=0] Preferred replicas by broker Map(0 -> Map(post_lyp-0 -> Vector(0), post_book-0 -> Vector(0), get_inbox-0 -> Vector(0), post_sendmessage-0 -> Vector(0), get_profile-0 -> Vector(0), get_home-0 -> Vector(0), post_signup-0 -> Vector(0), get_searchresults-0 -> Vector(0), get_dashboard-0 -> Vector(0), get_propertydetails-0 -> Vector(0), post_ownerlogin-0 -> Vector(0), post_login-0 -> Vector(0), get_propertyphotos-0 -> Vector(0), response_topic-0 -> Vector(0), post_profile-0 -> Vector(0), post_bookproperty-0 -> Vector(0))) (kafka.controller.KafkaController)
[2018-11-25 14:27:57,273] DEBUG [Controller id=0] Topics not in preferred replica for broker 0 Map() (kafka.controller.KafkaController)
[2018-11-25 14:27:57,274] TRACE [Controller id=0] Leader imbalance ratio for broker 0 is 0.0 (kafka.controller.KafkaController)
[2018-11-25 14:32:57,279] TRACE [Controller id=0] Checking need to trigger auto leader balancing (kafka.controller.KafkaController)
[2018-11-25 14:32:57,283] DEBUG [Controller id=0] Preferred replicas by broker Map(0 -> Map(post_lyp-0 -> Vector(0), post_book-0 -> Vector(0), get_inbox-0 -> Vector(0), post_sendmessage-0 -> Vector(0), get_profile-0 -> Vector(0), get_home-0 -> Vector(0), post_signup-0 -> Vector(0), get_searchresults-0 -> Vector(0), get_dashboard-0 -> Vector(0), get_propertydetails-0 -> Vector(0), post_ownerlogin-0 -> Vector(0), post_login-0 -> Vector(0), get_propertyphotos-0 -> Vector(0), response_topic-0 -> Vector(0), post_profile-0 -> Vector(0), post_bookproperty-0 -> Vector(0))) (kafka.controller.KafkaController)
[2018-11-25 14:32:57,284] DEBUG [Controller id=0] Topics not in preferred replica for broker 0 Map() (kafka.controller.KafkaController)
[2018-11-25 14:32:57,284] TRACE [Controller id=0] Leader imbalance ratio for broker 0 is 0.0 (kafka.controller.KafkaController)
