[2018-11-25 15:06:45,198] TRACE [Controller id=0 epoch=9] Sending UpdateMetadata request PartitionState(controllerEpoch=1, leader=0, leaderEpoch=0, isr=[0], zkVersion=0, replicas=[0], offlineReplicas=[]) to brokers Set(0) for partition post_lyp-0 (state.change.logger)
[2018-11-25 15:06:45,204] TRACE [Controller id=0 epoch=9] Sending UpdateMetadata request PartitionState(controllerEpoch=1, leader=0, leaderEpoch=0, isr=[0], zkVersion=0, replicas=[0], offlineReplicas=[]) to brokers Set(0) for partition post_book-0 (state.change.logger)
[2018-11-25 15:06:45,204] TRACE [Controller id=0 epoch=9] Sending UpdateMetadata request PartitionState(controllerEpoch=1, leader=0, leaderEpoch=0, isr=[0], zkVersion=0, replicas=[0], offlineReplicas=[]) to brokers Set(0) for partition post_sendmessage-0 (state.change.logger)
[2018-11-25 15:06:45,204] TRACE [Controller id=0 epoch=9] Sending UpdateMetadata request PartitionState(controllerEpoch=1, leader=0, leaderEpoch=0, isr=[0], zkVersion=0, replicas=[0], offlineReplicas=[]) to brokers Set(0) for partition get_inbox-0 (state.change.logger)
[2018-11-25 15:06:45,204] TRACE [Controller id=0 epoch=9] Sending UpdateMetadata request PartitionState(controllerEpoch=1, leader=0, leaderEpoch=0, isr=[0], zkVersion=0, replicas=[0], offlineReplicas=[]) to brokers Set(0) for partition get_profile-0 (state.change.logger)
[2018-11-25 15:06:45,205] TRACE [Controller id=0 epoch=9] Sending UpdateMetadata request PartitionState(controllerEpoch=1, leader=0, leaderEpoch=0, isr=[0], zkVersion=0, replicas=[0], offlineReplicas=[]) to brokers Set(0) for partition get_home-0 (state.change.logger)
[2018-11-25 15:06:45,205] TRACE [Controller id=0 epoch=9] Sending UpdateMetadata request PartitionState(controllerEpoch=1, leader=0, leaderEpoch=0, isr=[0], zkVersion=0, replicas=[0], offlineReplicas=[]) to brokers Set(0) for partition post_signup-0 (state.change.logger)
[2018-11-25 15:06:45,205] TRACE [Controller id=0 epoch=9] Sending UpdateMetadata request PartitionState(controllerEpoch=1, leader=0, leaderEpoch=0, isr=[0], zkVersion=0, replicas=[0], offlineReplicas=[]) to brokers Set(0) for partition get_searchresults-0 (state.change.logger)
[2018-11-25 15:06:45,205] TRACE [Controller id=0 epoch=9] Sending UpdateMetadata request PartitionState(controllerEpoch=1, leader=0, leaderEpoch=0, isr=[0], zkVersion=0, replicas=[0], offlineReplicas=[]) to brokers Set(0) for partition get_dashboard-0 (state.change.logger)
[2018-11-25 15:06:45,205] TRACE [Controller id=0 epoch=9] Sending UpdateMetadata request PartitionState(controllerEpoch=1, leader=0, leaderEpoch=0, isr=[0], zkVersion=0, replicas=[0], offlineReplicas=[]) to brokers Set(0) for partition get_propertydetails-0 (state.change.logger)
[2018-11-25 15:06:45,205] TRACE [Controller id=0 epoch=9] Sending UpdateMetadata request PartitionState(controllerEpoch=1, leader=0, leaderEpoch=0, isr=[0], zkVersion=0, replicas=[0], offlineReplicas=[]) to brokers Set(0) for partition post_ownerlogin-0 (state.change.logger)
[2018-11-25 15:06:45,205] TRACE [Controller id=0 epoch=9] Sending UpdateMetadata request PartitionState(controllerEpoch=1, leader=0, leaderEpoch=0, isr=[0], zkVersion=0, replicas=[0], offlineReplicas=[]) to brokers Set(0) for partition post_login-0 (state.change.logger)
[2018-11-25 15:06:45,205] TRACE [Controller id=0 epoch=9] Sending UpdateMetadata request PartitionState(controllerEpoch=1, leader=0, leaderEpoch=0, isr=[0], zkVersion=0, replicas=[0], offlineReplicas=[]) to brokers Set(0) for partition get_propertyphotos-0 (state.change.logger)
[2018-11-25 15:06:45,205] TRACE [Controller id=0 epoch=9] Sending UpdateMetadata request PartitionState(controllerEpoch=1, leader=0, leaderEpoch=0, isr=[0], zkVersion=0, replicas=[0], offlineReplicas=[]) to brokers Set(0) for partition response_topic-0 (state.change.logger)
[2018-11-25 15:06:45,206] TRACE [Controller id=0 epoch=9] Sending UpdateMetadata request PartitionState(controllerEpoch=1, leader=0, leaderEpoch=0, isr=[0], zkVersion=0, replicas=[0], offlineReplicas=[]) to brokers Set(0) for partition post_profile-0 (state.change.logger)
[2018-11-25 15:06:45,206] TRACE [Controller id=0 epoch=9] Sending UpdateMetadata request PartitionState(controllerEpoch=1, leader=0, leaderEpoch=0, isr=[0], zkVersion=0, replicas=[0], offlineReplicas=[]) to brokers Set(0) for partition post_bookproperty-0 (state.change.logger)
[2018-11-25 15:06:45,229] TRACE [Controller id=0 epoch=9] Changed state of replica 0 for partition post_signup-0 from OnlineReplica to OnlineReplica (state.change.logger)
[2018-11-25 15:06:45,230] TRACE [Controller id=0 epoch=9] Changed state of replica 0 for partition post_book-0 from OnlineReplica to OnlineReplica (state.change.logger)
[2018-11-25 15:06:45,230] TRACE [Controller id=0 epoch=9] Changed state of replica 0 for partition get_profile-0 from OnlineReplica to OnlineReplica (state.change.logger)
[2018-11-25 15:06:45,231] TRACE [Controller id=0 epoch=9] Changed state of replica 0 for partition get_inbox-0 from OnlineReplica to OnlineReplica (state.change.logger)
[2018-11-25 15:06:45,231] TRACE [Controller id=0 epoch=9] Changed state of replica 0 for partition post_ownerlogin-0 from OnlineReplica to OnlineReplica (state.change.logger)
[2018-11-25 15:06:45,232] TRACE [Controller id=0 epoch=9] Changed state of replica 0 for partition get_home-0 from OnlineReplica to OnlineReplica (state.change.logger)
[2018-11-25 15:06:45,233] TRACE [Controller id=0 epoch=9] Changed state of replica 0 for partition response_topic-0 from OnlineReplica to OnlineReplica (state.change.logger)
[2018-11-25 15:06:45,233] TRACE [Controller id=0 epoch=9] Changed state of replica 0 for partition post_bookproperty-0 from OnlineReplica to OnlineReplica (state.change.logger)
[2018-11-25 15:06:45,233] TRACE [Controller id=0 epoch=9] Changed state of replica 0 for partition get_dashboard-0 from OnlineReplica to OnlineReplica (state.change.logger)
[2018-11-25 15:06:45,233] TRACE [Controller id=0 epoch=9] Changed state of replica 0 for partition post_login-0 from OnlineReplica to OnlineReplica (state.change.logger)
[2018-11-25 15:06:45,233] TRACE [Controller id=0 epoch=9] Changed state of replica 0 for partition get_propertyphotos-0 from OnlineReplica to OnlineReplica (state.change.logger)
[2018-11-25 15:06:45,234] TRACE [Controller id=0 epoch=9] Changed state of replica 0 for partition post_lyp-0 from OnlineReplica to OnlineReplica (state.change.logger)
[2018-11-25 15:06:45,235] TRACE [Controller id=0 epoch=9] Changed state of replica 0 for partition post_sendmessage-0 from OnlineReplica to OnlineReplica (state.change.logger)
[2018-11-25 15:06:45,247] TRACE [Controller id=0 epoch=9] Changed state of replica 0 for partition post_profile-0 from OnlineReplica to OnlineReplica (state.change.logger)
[2018-11-25 15:06:45,248] TRACE [Controller id=0 epoch=9] Changed state of replica 0 for partition get_searchresults-0 from OnlineReplica to OnlineReplica (state.change.logger)
[2018-11-25 15:06:45,248] TRACE [Controller id=0 epoch=9] Changed state of replica 0 for partition get_propertydetails-0 from OnlineReplica to OnlineReplica (state.change.logger)
[2018-11-25 15:06:45,248] TRACE [Controller id=0 epoch=9] Sending become-leader LeaderAndIsr request PartitionState(controllerEpoch=1, leader=0, leaderEpoch=0, isr=0, zkVersion=0, replicas=0, isNew=false) to broker 0 for partition post_lyp-0 (state.change.logger)
[2018-11-25 15:06:45,248] TRACE [Controller id=0 epoch=9] Sending become-leader LeaderAndIsr request PartitionState(controllerEpoch=1, leader=0, leaderEpoch=0, isr=0, zkVersion=0, replicas=0, isNew=false) to broker 0 for partition post_book-0 (state.change.logger)
[2018-11-25 15:06:45,248] TRACE [Controller id=0 epoch=9] Sending become-leader LeaderAndIsr request PartitionState(controllerEpoch=1, leader=0, leaderEpoch=0, isr=0, zkVersion=0, replicas=0, isNew=false) to broker 0 for partition get_inbox-0 (state.change.logger)
[2018-11-25 15:06:45,249] TRACE [Controller id=0 epoch=9] Sending become-leader LeaderAndIsr request PartitionState(controllerEpoch=1, leader=0, leaderEpoch=0, isr=0, zkVersion=0, replicas=0, isNew=false) to broker 0 for partition post_sendmessage-0 (state.change.logger)
[2018-11-25 15:06:45,249] TRACE [Controller id=0 epoch=9] Sending become-leader LeaderAndIsr request PartitionState(controllerEpoch=1, leader=0, leaderEpoch=0, isr=0, zkVersion=0, replicas=0, isNew=false) to broker 0 for partition get_profile-0 (state.change.logger)
[2018-11-25 15:06:45,249] TRACE [Controller id=0 epoch=9] Sending become-leader LeaderAndIsr request PartitionState(controllerEpoch=1, leader=0, leaderEpoch=0, isr=0, zkVersion=0, replicas=0, isNew=false) to broker 0 for partition get_home-0 (state.change.logger)
[2018-11-25 15:06:45,249] TRACE [Controller id=0 epoch=9] Sending become-leader LeaderAndIsr request PartitionState(controllerEpoch=1, leader=0, leaderEpoch=0, isr=0, zkVersion=0, replicas=0, isNew=false) to broker 0 for partition post_signup-0 (state.change.logger)
[2018-11-25 15:06:45,249] TRACE [Controller id=0 epoch=9] Sending become-leader LeaderAndIsr request PartitionState(controllerEpoch=1, leader=0, leaderEpoch=0, isr=0, zkVersion=0, replicas=0, isNew=false) to broker 0 for partition get_searchresults-0 (state.change.logger)
[2018-11-25 15:06:45,249] TRACE [Controller id=0 epoch=9] Sending become-leader LeaderAndIsr request PartitionState(controllerEpoch=1, leader=0, leaderEpoch=0, isr=0, zkVersion=0, replicas=0, isNew=false) to broker 0 for partition get_dashboard-0 (state.change.logger)
[2018-11-25 15:06:45,249] TRACE [Controller id=0 epoch=9] Sending become-leader LeaderAndIsr request PartitionState(controllerEpoch=1, leader=0, leaderEpoch=0, isr=0, zkVersion=0, replicas=0, isNew=false) to broker 0 for partition get_propertydetails-0 (state.change.logger)
[2018-11-25 15:06:45,249] TRACE [Controller id=0 epoch=9] Sending become-leader LeaderAndIsr request PartitionState(controllerEpoch=1, leader=0, leaderEpoch=0, isr=0, zkVersion=0, replicas=0, isNew=false) to broker 0 for partition post_ownerlogin-0 (state.change.logger)
[2018-11-25 15:06:45,249] TRACE [Controller id=0 epoch=9] Sending become-leader LeaderAndIsr request PartitionState(controllerEpoch=1, leader=0, leaderEpoch=0, isr=0, zkVersion=0, replicas=0, isNew=false) to broker 0 for partition post_login-0 (state.change.logger)
[2018-11-25 15:06:45,249] TRACE [Controller id=0 epoch=9] Sending become-leader LeaderAndIsr request PartitionState(controllerEpoch=1, leader=0, leaderEpoch=0, isr=0, zkVersion=0, replicas=0, isNew=false) to broker 0 for partition get_propertyphotos-0 (state.change.logger)
[2018-11-25 15:06:45,249] TRACE [Controller id=0 epoch=9] Sending become-leader LeaderAndIsr request PartitionState(controllerEpoch=1, leader=0, leaderEpoch=0, isr=0, zkVersion=0, replicas=0, isNew=false) to broker 0 for partition post_profile-0 (state.change.logger)
[2018-11-25 15:06:45,249] TRACE [Controller id=0 epoch=9] Sending become-leader LeaderAndIsr request PartitionState(controllerEpoch=1, leader=0, leaderEpoch=0, isr=0, zkVersion=0, replicas=0, isNew=false) to broker 0 for partition response_topic-0 (state.change.logger)
[2018-11-25 15:06:45,249] TRACE [Controller id=0 epoch=9] Sending become-leader LeaderAndIsr request PartitionState(controllerEpoch=1, leader=0, leaderEpoch=0, isr=0, zkVersion=0, replicas=0, isNew=false) to broker 0 for partition post_bookproperty-0 (state.change.logger)
[2018-11-25 15:06:45,250] TRACE [Controller id=0 epoch=9] Sending UpdateMetadata request PartitionState(controllerEpoch=1, leader=0, leaderEpoch=0, isr=[0], zkVersion=0, replicas=[0], offlineReplicas=[]) to brokers Set(0) for partition post_lyp-0 (state.change.logger)
[2018-11-25 15:06:45,250] TRACE [Controller id=0 epoch=9] Sending UpdateMetadata request PartitionState(controllerEpoch=1, leader=0, leaderEpoch=0, isr=[0], zkVersion=0, replicas=[0], offlineReplicas=[]) to brokers Set(0) for partition post_book-0 (state.change.logger)
[2018-11-25 15:06:45,250] TRACE [Controller id=0 epoch=9] Sending UpdateMetadata request PartitionState(controllerEpoch=1, leader=0, leaderEpoch=0, isr=[0], zkVersion=0, replicas=[0], offlineReplicas=[]) to brokers Set(0) for partition post_sendmessage-0 (state.change.logger)
[2018-11-25 15:06:45,250] TRACE [Controller id=0 epoch=9] Sending UpdateMetadata request PartitionState(controllerEpoch=1, leader=0, leaderEpoch=0, isr=[0], zkVersion=0, replicas=[0], offlineReplicas=[]) to brokers Set(0) for partition get_inbox-0 (state.change.logger)
[2018-11-25 15:06:45,250] TRACE [Controller id=0 epoch=9] Sending UpdateMetadata request PartitionState(controllerEpoch=1, leader=0, leaderEpoch=0, isr=[0], zkVersion=0, replicas=[0], offlineReplicas=[]) to brokers Set(0) for partition get_profile-0 (state.change.logger)
[2018-11-25 15:06:45,250] TRACE [Controller id=0 epoch=9] Sending UpdateMetadata request PartitionState(controllerEpoch=1, leader=0, leaderEpoch=0, isr=[0], zkVersion=0, replicas=[0], offlineReplicas=[]) to brokers Set(0) for partition get_home-0 (state.change.logger)
[2018-11-25 15:06:45,250] TRACE [Controller id=0 epoch=9] Sending UpdateMetadata request PartitionState(controllerEpoch=1, leader=0, leaderEpoch=0, isr=[0], zkVersion=0, replicas=[0], offlineReplicas=[]) to brokers Set(0) for partition post_signup-0 (state.change.logger)
[2018-11-25 15:06:45,250] TRACE [Controller id=0 epoch=9] Sending UpdateMetadata request PartitionState(controllerEpoch=1, leader=0, leaderEpoch=0, isr=[0], zkVersion=0, replicas=[0], offlineReplicas=[]) to brokers Set(0) for partition get_searchresults-0 (state.change.logger)
[2018-11-25 15:06:45,250] TRACE [Controller id=0 epoch=9] Sending UpdateMetadata request PartitionState(controllerEpoch=1, leader=0, leaderEpoch=0, isr=[0], zkVersion=0, replicas=[0], offlineReplicas=[]) to brokers Set(0) for partition get_dashboard-0 (state.change.logger)
[2018-11-25 15:06:45,250] TRACE [Controller id=0 epoch=9] Sending UpdateMetadata request PartitionState(controllerEpoch=1, leader=0, leaderEpoch=0, isr=[0], zkVersion=0, replicas=[0], offlineReplicas=[]) to brokers Set(0) for partition get_propertydetails-0 (state.change.logger)
[2018-11-25 15:06:45,250] TRACE [Controller id=0 epoch=9] Sending UpdateMetadata request PartitionState(controllerEpoch=1, leader=0, leaderEpoch=0, isr=[0], zkVersion=0, replicas=[0], offlineReplicas=[]) to brokers Set(0) for partition post_ownerlogin-0 (state.change.logger)
[2018-11-25 15:06:45,250] TRACE [Controller id=0 epoch=9] Sending UpdateMetadata request PartitionState(controllerEpoch=1, leader=0, leaderEpoch=0, isr=[0], zkVersion=0, replicas=[0], offlineReplicas=[]) to brokers Set(0) for partition post_login-0 (state.change.logger)
[2018-11-25 15:06:45,250] TRACE [Controller id=0 epoch=9] Sending UpdateMetadata request PartitionState(controllerEpoch=1, leader=0, leaderEpoch=0, isr=[0], zkVersion=0, replicas=[0], offlineReplicas=[]) to brokers Set(0) for partition get_propertyphotos-0 (state.change.logger)
[2018-11-25 15:06:45,251] TRACE [Controller id=0 epoch=9] Sending UpdateMetadata request PartitionState(controllerEpoch=1, leader=0, leaderEpoch=0, isr=[0], zkVersion=0, replicas=[0], offlineReplicas=[]) to brokers Set(0) for partition post_profile-0 (state.change.logger)
[2018-11-25 15:06:45,251] TRACE [Controller id=0 epoch=9] Sending UpdateMetadata request PartitionState(controllerEpoch=1, leader=0, leaderEpoch=0, isr=[0], zkVersion=0, replicas=[0], offlineReplicas=[]) to brokers Set(0) for partition response_topic-0 (state.change.logger)
[2018-11-25 15:06:45,251] TRACE [Controller id=0 epoch=9] Sending UpdateMetadata request PartitionState(controllerEpoch=1, leader=0, leaderEpoch=0, isr=[0], zkVersion=0, replicas=[0], offlineReplicas=[]) to brokers Set(0) for partition post_bookproperty-0 (state.change.logger)
[2018-11-25 15:06:50,584] TRACE [Broker id=0] Cached leader info PartitionState(controllerEpoch=1, leader=0, leaderEpoch=0, isr=[0], zkVersion=0, replicas=[0], offlineReplicas=[]) for partition post_lyp-0 in response to UpdateMetadata request sent by controller 0 epoch 9 with correlation id 0 (state.change.logger)
[2018-11-25 15:06:50,585] TRACE [Broker id=0] Cached leader info PartitionState(controllerEpoch=1, leader=0, leaderEpoch=0, isr=[0], zkVersion=0, replicas=[0], offlineReplicas=[]) for partition post_login-0 in response to UpdateMetadata request sent by controller 0 epoch 9 with correlation id 0 (state.change.logger)
[2018-11-25 15:06:50,585] TRACE [Broker id=0] Cached leader info PartitionState(controllerEpoch=1, leader=0, leaderEpoch=0, isr=[0], zkVersion=0, replicas=[0], offlineReplicas=[]) for partition get_home-0 in response to UpdateMetadata request sent by controller 0 epoch 9 with correlation id 0 (state.change.logger)
[2018-11-25 15:06:50,585] TRACE [Broker id=0] Cached leader info PartitionState(controllerEpoch=1, leader=0, leaderEpoch=0, isr=[0], zkVersion=0, replicas=[0], offlineReplicas=[]) for partition post_signup-0 in response to UpdateMetadata request sent by controller 0 epoch 9 with correlation id 0 (state.change.logger)
[2018-11-25 15:06:50,585] TRACE [Broker id=0] Cached leader info PartitionState(controllerEpoch=1, leader=0, leaderEpoch=0, isr=[0], zkVersion=0, replicas=[0], offlineReplicas=[]) for partition get_propertyphotos-0 in response to UpdateMetadata request sent by controller 0 epoch 9 with correlation id 0 (state.change.logger)
[2018-11-25 15:06:50,585] TRACE [Broker id=0] Cached leader info PartitionState(controllerEpoch=1, leader=0, leaderEpoch=0, isr=[0], zkVersion=0, replicas=[0], offlineReplicas=[]) for partition post_profile-0 in response to UpdateMetadata request sent by controller 0 epoch 9 with correlation id 0 (state.change.logger)
[2018-11-25 15:06:50,585] TRACE [Broker id=0] Cached leader info PartitionState(controllerEpoch=1, leader=0, leaderEpoch=0, isr=[0], zkVersion=0, replicas=[0], offlineReplicas=[]) for partition get_searchresults-0 in response to UpdateMetadata request sent by controller 0 epoch 9 with correlation id 0 (state.change.logger)
[2018-11-25 15:06:50,585] TRACE [Broker id=0] Cached leader info PartitionState(controllerEpoch=1, leader=0, leaderEpoch=0, isr=[0], zkVersion=0, replicas=[0], offlineReplicas=[]) for partition response_topic-0 in response to UpdateMetadata request sent by controller 0 epoch 9 with correlation id 0 (state.change.logger)
[2018-11-25 15:06:50,585] TRACE [Broker id=0] Cached leader info PartitionState(controllerEpoch=1, leader=0, leaderEpoch=0, isr=[0], zkVersion=0, replicas=[0], offlineReplicas=[]) for partition post_book-0 in response to UpdateMetadata request sent by controller 0 epoch 9 with correlation id 0 (state.change.logger)
[2018-11-25 15:06:50,585] TRACE [Broker id=0] Cached leader info PartitionState(controllerEpoch=1, leader=0, leaderEpoch=0, isr=[0], zkVersion=0, replicas=[0], offlineReplicas=[]) for partition post_bookproperty-0 in response to UpdateMetadata request sent by controller 0 epoch 9 with correlation id 0 (state.change.logger)
[2018-11-25 15:06:50,585] TRACE [Broker id=0] Cached leader info PartitionState(controllerEpoch=1, leader=0, leaderEpoch=0, isr=[0], zkVersion=0, replicas=[0], offlineReplicas=[]) for partition get_dashboard-0 in response to UpdateMetadata request sent by controller 0 epoch 9 with correlation id 0 (state.change.logger)
[2018-11-25 15:06:50,585] TRACE [Broker id=0] Cached leader info PartitionState(controllerEpoch=1, leader=0, leaderEpoch=0, isr=[0], zkVersion=0, replicas=[0], offlineReplicas=[]) for partition get_inbox-0 in response to UpdateMetadata request sent by controller 0 epoch 9 with correlation id 0 (state.change.logger)
[2018-11-25 15:06:50,586] TRACE [Broker id=0] Cached leader info PartitionState(controllerEpoch=1, leader=0, leaderEpoch=0, isr=[0], zkVersion=0, replicas=[0], offlineReplicas=[]) for partition post_ownerlogin-0 in response to UpdateMetadata request sent by controller 0 epoch 9 with correlation id 0 (state.change.logger)
[2018-11-25 15:06:50,586] TRACE [Broker id=0] Cached leader info PartitionState(controllerEpoch=1, leader=0, leaderEpoch=0, isr=[0], zkVersion=0, replicas=[0], offlineReplicas=[]) for partition get_propertydetails-0 in response to UpdateMetadata request sent by controller 0 epoch 9 with correlation id 0 (state.change.logger)
[2018-11-25 15:06:50,586] TRACE [Broker id=0] Cached leader info PartitionState(controllerEpoch=1, leader=0, leaderEpoch=0, isr=[0], zkVersion=0, replicas=[0], offlineReplicas=[]) for partition post_sendmessage-0 in response to UpdateMetadata request sent by controller 0 epoch 9 with correlation id 0 (state.change.logger)
[2018-11-25 15:06:50,586] TRACE [Broker id=0] Cached leader info PartitionState(controllerEpoch=1, leader=0, leaderEpoch=0, isr=[0], zkVersion=0, replicas=[0], offlineReplicas=[]) for partition get_profile-0 in response to UpdateMetadata request sent by controller 0 epoch 9 with correlation id 0 (state.change.logger)
[2018-11-25 15:06:50,587] TRACE [Controller id=0 epoch=9] Received response {error_code=0} for request UPDATE_METADATA with correlation id 0 sent to broker 10.250.11.123:9092 (id: 0 rack: null) (state.change.logger)
[2018-11-25 15:06:50,589] TRACE [Broker id=0] Received LeaderAndIsr request PartitionState(controllerEpoch=1, leader=0, leaderEpoch=0, isr=0, zkVersion=0, replicas=0, isNew=false) correlation id 1 from controller 0 epoch 9 for partition post_lyp-0 (state.change.logger)
[2018-11-25 15:06:50,589] TRACE [Broker id=0] Received LeaderAndIsr request PartitionState(controllerEpoch=1, leader=0, leaderEpoch=0, isr=0, zkVersion=0, replicas=0, isNew=false) correlation id 1 from controller 0 epoch 9 for partition post_login-0 (state.change.logger)
[2018-11-25 15:06:50,589] TRACE [Broker id=0] Received LeaderAndIsr request PartitionState(controllerEpoch=1, leader=0, leaderEpoch=0, isr=0, zkVersion=0, replicas=0, isNew=false) correlation id 1 from controller 0 epoch 9 for partition get_home-0 (state.change.logger)
[2018-11-25 15:06:50,589] TRACE [Broker id=0] Received LeaderAndIsr request PartitionState(controllerEpoch=1, leader=0, leaderEpoch=0, isr=0, zkVersion=0, replicas=0, isNew=false) correlation id 1 from controller 0 epoch 9 for partition post_signup-0 (state.change.logger)
[2018-11-25 15:06:50,589] TRACE [Broker id=0] Received LeaderAndIsr request PartitionState(controllerEpoch=1, leader=0, leaderEpoch=0, isr=0, zkVersion=0, replicas=0, isNew=false) correlation id 1 from controller 0 epoch 9 for partition get_propertyphotos-0 (state.change.logger)
[2018-11-25 15:06:50,589] TRACE [Broker id=0] Received LeaderAndIsr request PartitionState(controllerEpoch=1, leader=0, leaderEpoch=0, isr=0, zkVersion=0, replicas=0, isNew=false) correlation id 1 from controller 0 epoch 9 for partition post_profile-0 (state.change.logger)
[2018-11-25 15:06:50,589] TRACE [Broker id=0] Received LeaderAndIsr request PartitionState(controllerEpoch=1, leader=0, leaderEpoch=0, isr=0, zkVersion=0, replicas=0, isNew=false) correlation id 1 from controller 0 epoch 9 for partition get_searchresults-0 (state.change.logger)
[2018-11-25 15:06:50,589] TRACE [Broker id=0] Received LeaderAndIsr request PartitionState(controllerEpoch=1, leader=0, leaderEpoch=0, isr=0, zkVersion=0, replicas=0, isNew=false) correlation id 1 from controller 0 epoch 9 for partition response_topic-0 (state.change.logger)
[2018-11-25 15:06:50,589] TRACE [Broker id=0] Received LeaderAndIsr request PartitionState(controllerEpoch=1, leader=0, leaderEpoch=0, isr=0, zkVersion=0, replicas=0, isNew=false) correlation id 1 from controller 0 epoch 9 for partition post_book-0 (state.change.logger)
[2018-11-25 15:06:50,589] TRACE [Broker id=0] Received LeaderAndIsr request PartitionState(controllerEpoch=1, leader=0, leaderEpoch=0, isr=0, zkVersion=0, replicas=0, isNew=false) correlation id 1 from controller 0 epoch 9 for partition post_bookproperty-0 (state.change.logger)
[2018-11-25 15:06:50,590] TRACE [Broker id=0] Received LeaderAndIsr request PartitionState(controllerEpoch=1, leader=0, leaderEpoch=0, isr=0, zkVersion=0, replicas=0, isNew=false) correlation id 1 from controller 0 epoch 9 for partition get_dashboard-0 (state.change.logger)
[2018-11-25 15:06:50,590] TRACE [Broker id=0] Received LeaderAndIsr request PartitionState(controllerEpoch=1, leader=0, leaderEpoch=0, isr=0, zkVersion=0, replicas=0, isNew=false) correlation id 1 from controller 0 epoch 9 for partition get_inbox-0 (state.change.logger)
[2018-11-25 15:06:50,590] TRACE [Broker id=0] Received LeaderAndIsr request PartitionState(controllerEpoch=1, leader=0, leaderEpoch=0, isr=0, zkVersion=0, replicas=0, isNew=false) correlation id 1 from controller 0 epoch 9 for partition post_ownerlogin-0 (state.change.logger)
[2018-11-25 15:06:50,590] TRACE [Broker id=0] Received LeaderAndIsr request PartitionState(controllerEpoch=1, leader=0, leaderEpoch=0, isr=0, zkVersion=0, replicas=0, isNew=false) correlation id 1 from controller 0 epoch 9 for partition get_propertydetails-0 (state.change.logger)
[2018-11-25 15:06:50,590] TRACE [Broker id=0] Received LeaderAndIsr request PartitionState(controllerEpoch=1, leader=0, leaderEpoch=0, isr=0, zkVersion=0, replicas=0, isNew=false) correlation id 1 from controller 0 epoch 9 for partition post_sendmessage-0 (state.change.logger)
[2018-11-25 15:06:50,590] TRACE [Broker id=0] Received LeaderAndIsr request PartitionState(controllerEpoch=1, leader=0, leaderEpoch=0, isr=0, zkVersion=0, replicas=0, isNew=false) correlation id 1 from controller 0 epoch 9 for partition get_profile-0 (state.change.logger)
[2018-11-25 15:06:50,594] WARN [Broker id=0] Ignoring LeaderAndIsr request from controller 0 with correlation id 1 epoch 9 for partition post_lyp-0 since its associated leader epoch 0 is not higher than the current leader epoch 0 (state.change.logger)
[2018-11-25 15:06:50,594] WARN [Broker id=0] Ignoring LeaderAndIsr request from controller 0 with correlation id 1 epoch 9 for partition post_login-0 since its associated leader epoch 0 is not higher than the current leader epoch 0 (state.change.logger)
[2018-11-25 15:06:50,594] WARN [Broker id=0] Ignoring LeaderAndIsr request from controller 0 with correlation id 1 epoch 9 for partition get_home-0 since its associated leader epoch 0 is not higher than the current leader epoch 0 (state.change.logger)
[2018-11-25 15:06:50,594] WARN [Broker id=0] Ignoring LeaderAndIsr request from controller 0 with correlation id 1 epoch 9 for partition post_signup-0 since its associated leader epoch 0 is not higher than the current leader epoch 0 (state.change.logger)
[2018-11-25 15:06:50,594] WARN [Broker id=0] Ignoring LeaderAndIsr request from controller 0 with correlation id 1 epoch 9 for partition get_propertyphotos-0 since its associated leader epoch 0 is not higher than the current leader epoch 0 (state.change.logger)
[2018-11-25 15:06:50,594] WARN [Broker id=0] Ignoring LeaderAndIsr request from controller 0 with correlation id 1 epoch 9 for partition post_profile-0 since its associated leader epoch 0 is not higher than the current leader epoch 0 (state.change.logger)
[2018-11-25 15:06:50,594] WARN [Broker id=0] Ignoring LeaderAndIsr request from controller 0 with correlation id 1 epoch 9 for partition get_searchresults-0 since its associated leader epoch 0 is not higher than the current leader epoch 0 (state.change.logger)
[2018-11-25 15:06:50,595] WARN [Broker id=0] Ignoring LeaderAndIsr request from controller 0 with correlation id 1 epoch 9 for partition response_topic-0 since its associated leader epoch 0 is not higher than the current leader epoch 0 (state.change.logger)
[2018-11-25 15:06:50,595] WARN [Broker id=0] Ignoring LeaderAndIsr request from controller 0 with correlation id 1 epoch 9 for partition post_book-0 since its associated leader epoch 0 is not higher than the current leader epoch 0 (state.change.logger)
[2018-11-25 15:06:50,595] WARN [Broker id=0] Ignoring LeaderAndIsr request from controller 0 with correlation id 1 epoch 9 for partition post_bookproperty-0 since its associated leader epoch 0 is not higher than the current leader epoch 0 (state.change.logger)
[2018-11-25 15:06:50,595] WARN [Broker id=0] Ignoring LeaderAndIsr request from controller 0 with correlation id 1 epoch 9 for partition get_dashboard-0 since its associated leader epoch 0 is not higher than the current leader epoch 0 (state.change.logger)
[2018-11-25 15:06:50,595] WARN [Broker id=0] Ignoring LeaderAndIsr request from controller 0 with correlation id 1 epoch 9 for partition get_inbox-0 since its associated leader epoch 0 is not higher than the current leader epoch 0 (state.change.logger)
[2018-11-25 15:06:50,595] WARN [Broker id=0] Ignoring LeaderAndIsr request from controller 0 with correlation id 1 epoch 9 for partition post_ownerlogin-0 since its associated leader epoch 0 is not higher than the current leader epoch 0 (state.change.logger)
[2018-11-25 15:06:50,595] WARN [Broker id=0] Ignoring LeaderAndIsr request from controller 0 with correlation id 1 epoch 9 for partition get_propertydetails-0 since its associated leader epoch 0 is not higher than the current leader epoch 0 (state.change.logger)
[2018-11-25 15:06:50,595] WARN [Broker id=0] Ignoring LeaderAndIsr request from controller 0 with correlation id 1 epoch 9 for partition post_sendmessage-0 since its associated leader epoch 0 is not higher than the current leader epoch 0 (state.change.logger)
[2018-11-25 15:06:50,595] WARN [Broker id=0] Ignoring LeaderAndIsr request from controller 0 with correlation id 1 epoch 9 for partition get_profile-0 since its associated leader epoch 0 is not higher than the current leader epoch 0 (state.change.logger)
[2018-11-25 15:06:50,598] TRACE [Controller id=0 epoch=9] Received response {error_code=0,partitions=[{topic=post_lyp,partition=0,error_code=11},{topic=post_login,partition=0,error_code=11},{topic=get_home,partition=0,error_code=11},{topic=post_signup,partition=0,error_code=11},{topic=get_propertyphotos,partition=0,error_code=11},{topic=post_profile,partition=0,error_code=11},{topic=get_searchresults,partition=0,error_code=11},{topic=response_topic,partition=0,error_code=11},{topic=post_book,partition=0,error_code=11},{topic=post_bookproperty,partition=0,error_code=11},{topic=get_dashboard,partition=0,error_code=11},{topic=get_inbox,partition=0,error_code=11},{topic=post_ownerlogin,partition=0,error_code=11},{topic=get_propertydetails,partition=0,error_code=11},{topic=post_sendmessage,partition=0,error_code=11},{topic=get_profile,partition=0,error_code=11}]} for request LEADER_AND_ISR with correlation id 1 sent to broker 10.250.11.123:9092 (id: 0 rack: null) (state.change.logger)
[2018-11-25 15:06:50,600] TRACE [Broker id=0] Cached leader info PartitionState(controllerEpoch=1, leader=0, leaderEpoch=0, isr=[0], zkVersion=0, replicas=[0], offlineReplicas=[]) for partition post_lyp-0 in response to UpdateMetadata request sent by controller 0 epoch 9 with correlation id 2 (state.change.logger)
[2018-11-25 15:06:50,600] TRACE [Broker id=0] Cached leader info PartitionState(controllerEpoch=1, leader=0, leaderEpoch=0, isr=[0], zkVersion=0, replicas=[0], offlineReplicas=[]) for partition post_login-0 in response to UpdateMetadata request sent by controller 0 epoch 9 with correlation id 2 (state.change.logger)
[2018-11-25 15:06:50,600] TRACE [Broker id=0] Cached leader info PartitionState(controllerEpoch=1, leader=0, leaderEpoch=0, isr=[0], zkVersion=0, replicas=[0], offlineReplicas=[]) for partition get_home-0 in response to UpdateMetadata request sent by controller 0 epoch 9 with correlation id 2 (state.change.logger)
[2018-11-25 15:06:50,601] TRACE [Broker id=0] Cached leader info PartitionState(controllerEpoch=1, leader=0, leaderEpoch=0, isr=[0], zkVersion=0, replicas=[0], offlineReplicas=[]) for partition post_signup-0 in response to UpdateMetadata request sent by controller 0 epoch 9 with correlation id 2 (state.change.logger)
[2018-11-25 15:06:50,601] TRACE [Broker id=0] Cached leader info PartitionState(controllerEpoch=1, leader=0, leaderEpoch=0, isr=[0], zkVersion=0, replicas=[0], offlineReplicas=[]) for partition get_propertyphotos-0 in response to UpdateMetadata request sent by controller 0 epoch 9 with correlation id 2 (state.change.logger)
[2018-11-25 15:06:50,601] TRACE [Broker id=0] Cached leader info PartitionState(controllerEpoch=1, leader=0, leaderEpoch=0, isr=[0], zkVersion=0, replicas=[0], offlineReplicas=[]) for partition post_profile-0 in response to UpdateMetadata request sent by controller 0 epoch 9 with correlation id 2 (state.change.logger)
[2018-11-25 15:06:50,601] TRACE [Broker id=0] Cached leader info PartitionState(controllerEpoch=1, leader=0, leaderEpoch=0, isr=[0], zkVersion=0, replicas=[0], offlineReplicas=[]) for partition get_searchresults-0 in response to UpdateMetadata request sent by controller 0 epoch 9 with correlation id 2 (state.change.logger)
[2018-11-25 15:06:50,601] TRACE [Broker id=0] Cached leader info PartitionState(controllerEpoch=1, leader=0, leaderEpoch=0, isr=[0], zkVersion=0, replicas=[0], offlineReplicas=[]) for partition response_topic-0 in response to UpdateMetadata request sent by controller 0 epoch 9 with correlation id 2 (state.change.logger)
[2018-11-25 15:06:50,601] TRACE [Broker id=0] Cached leader info PartitionState(controllerEpoch=1, leader=0, leaderEpoch=0, isr=[0], zkVersion=0, replicas=[0], offlineReplicas=[]) for partition post_book-0 in response to UpdateMetadata request sent by controller 0 epoch 9 with correlation id 2 (state.change.logger)
[2018-11-25 15:06:50,601] TRACE [Broker id=0] Cached leader info PartitionState(controllerEpoch=1, leader=0, leaderEpoch=0, isr=[0], zkVersion=0, replicas=[0], offlineReplicas=[]) for partition post_bookproperty-0 in response to UpdateMetadata request sent by controller 0 epoch 9 with correlation id 2 (state.change.logger)
[2018-11-25 15:06:50,601] TRACE [Broker id=0] Cached leader info PartitionState(controllerEpoch=1, leader=0, leaderEpoch=0, isr=[0], zkVersion=0, replicas=[0], offlineReplicas=[]) for partition get_dashboard-0 in response to UpdateMetadata request sent by controller 0 epoch 9 with correlation id 2 (state.change.logger)
[2018-11-25 15:06:50,601] TRACE [Broker id=0] Cached leader info PartitionState(controllerEpoch=1, leader=0, leaderEpoch=0, isr=[0], zkVersion=0, replicas=[0], offlineReplicas=[]) for partition get_inbox-0 in response to UpdateMetadata request sent by controller 0 epoch 9 with correlation id 2 (state.change.logger)
[2018-11-25 15:06:50,602] TRACE [Broker id=0] Cached leader info PartitionState(controllerEpoch=1, leader=0, leaderEpoch=0, isr=[0], zkVersion=0, replicas=[0], offlineReplicas=[]) for partition post_ownerlogin-0 in response to UpdateMetadata request sent by controller 0 epoch 9 with correlation id 2 (state.change.logger)
[2018-11-25 15:06:50,602] TRACE [Broker id=0] Cached leader info PartitionState(controllerEpoch=1, leader=0, leaderEpoch=0, isr=[0], zkVersion=0, replicas=[0], offlineReplicas=[]) for partition get_propertydetails-0 in response to UpdateMetadata request sent by controller 0 epoch 9 with correlation id 2 (state.change.logger)
[2018-11-25 15:06:50,602] TRACE [Broker id=0] Cached leader info PartitionState(controllerEpoch=1, leader=0, leaderEpoch=0, isr=[0], zkVersion=0, replicas=[0], offlineReplicas=[]) for partition post_sendmessage-0 in response to UpdateMetadata request sent by controller 0 epoch 9 with correlation id 2 (state.change.logger)
[2018-11-25 15:06:50,602] TRACE [Broker id=0] Cached leader info PartitionState(controllerEpoch=1, leader=0, leaderEpoch=0, isr=[0], zkVersion=0, replicas=[0], offlineReplicas=[]) for partition get_profile-0 in response to UpdateMetadata request sent by controller 0 epoch 9 with correlation id 2 (state.change.logger)
[2018-11-25 15:06:50,603] TRACE [Controller id=0 epoch=9] Received response {error_code=0} for request UPDATE_METADATA with correlation id 2 sent to broker 10.250.11.123:9092 (id: 0 rack: null) (state.change.logger)
[2018-11-25 15:30:17,199] DEBUG preRegister called. Server=com.sun.jmx.mbeanserver.JmxMBeanServer@66d3c617, name=log4j:logger=state.change.logger (state.change.logger)
[2018-11-25 15:30:56,216] TRACE [Controller id=0 epoch=10] Sending UpdateMetadata request PartitionState(controllerEpoch=1, leader=0, leaderEpoch=0, isr=[0], zkVersion=0, replicas=[0], offlineReplicas=[]) to brokers Set(0) for partition post_lyp-0 (state.change.logger)
[2018-11-25 15:30:56,218] TRACE [Controller id=0 epoch=10] Sending UpdateMetadata request PartitionState(controllerEpoch=1, leader=0, leaderEpoch=0, isr=[0], zkVersion=0, replicas=[0], offlineReplicas=[]) to brokers Set(0) for partition post_book-0 (state.change.logger)
[2018-11-25 15:30:56,219] TRACE [Controller id=0 epoch=10] Sending UpdateMetadata request PartitionState(controllerEpoch=1, leader=0, leaderEpoch=0, isr=[0], zkVersion=0, replicas=[0], offlineReplicas=[]) to brokers Set(0) for partition get_inbox-0 (state.change.logger)
[2018-11-25 15:30:56,219] TRACE [Controller id=0 epoch=10] Sending UpdateMetadata request PartitionState(controllerEpoch=1, leader=0, leaderEpoch=0, isr=[0], zkVersion=0, replicas=[0], offlineReplicas=[]) to brokers Set(0) for partition post_sendmessage-0 (state.change.logger)
[2018-11-25 15:30:56,219] TRACE [Controller id=0 epoch=10] Sending UpdateMetadata request PartitionState(controllerEpoch=1, leader=0, leaderEpoch=0, isr=[0], zkVersion=0, replicas=[0], offlineReplicas=[]) to brokers Set(0) for partition get_profile-0 (state.change.logger)
[2018-11-25 15:30:56,219] TRACE [Controller id=0 epoch=10] Sending UpdateMetadata request PartitionState(controllerEpoch=1, leader=0, leaderEpoch=0, isr=[0], zkVersion=0, replicas=[0], offlineReplicas=[]) to brokers Set(0) for partition get_home-0 (state.change.logger)
[2018-11-25 15:30:56,220] TRACE [Controller id=0 epoch=10] Sending UpdateMetadata request PartitionState(controllerEpoch=1, leader=0, leaderEpoch=0, isr=[0], zkVersion=0, replicas=[0], offlineReplicas=[]) to brokers Set(0) for partition post_signup-0 (state.change.logger)
[2018-11-25 15:30:56,220] TRACE [Controller id=0 epoch=10] Sending UpdateMetadata request PartitionState(controllerEpoch=1, leader=0, leaderEpoch=0, isr=[0], zkVersion=0, replicas=[0], offlineReplicas=[]) to brokers Set(0) for partition get_searchresults-0 (state.change.logger)
[2018-11-25 15:30:56,220] TRACE [Controller id=0 epoch=10] Sending UpdateMetadata request PartitionState(controllerEpoch=1, leader=0, leaderEpoch=0, isr=[0], zkVersion=0, replicas=[0], offlineReplicas=[]) to brokers Set(0) for partition get_dashboard-0 (state.change.logger)
[2018-11-25 15:30:56,220] TRACE [Controller id=0 epoch=10] Sending UpdateMetadata request PartitionState(controllerEpoch=1, leader=0, leaderEpoch=0, isr=[0], zkVersion=0, replicas=[0], offlineReplicas=[]) to brokers Set(0) for partition get_propertydetails-0 (state.change.logger)
[2018-11-25 15:30:56,220] TRACE [Controller id=0 epoch=10] Sending UpdateMetadata request PartitionState(controllerEpoch=1, leader=0, leaderEpoch=0, isr=[0], zkVersion=0, replicas=[0], offlineReplicas=[]) to brokers Set(0) for partition post_ownerlogin-0 (state.change.logger)
[2018-11-25 15:30:56,221] TRACE [Controller id=0 epoch=10] Sending UpdateMetadata request PartitionState(controllerEpoch=1, leader=0, leaderEpoch=0, isr=[0], zkVersion=0, replicas=[0], offlineReplicas=[]) to brokers Set(0) for partition post_login-0 (state.change.logger)
[2018-11-25 15:30:56,221] TRACE [Controller id=0 epoch=10] Sending UpdateMetadata request PartitionState(controllerEpoch=1, leader=0, leaderEpoch=0, isr=[0], zkVersion=0, replicas=[0], offlineReplicas=[]) to brokers Set(0) for partition get_propertyphotos-0 (state.change.logger)
[2018-11-25 15:30:56,221] TRACE [Controller id=0 epoch=10] Sending UpdateMetadata request PartitionState(controllerEpoch=1, leader=0, leaderEpoch=0, isr=[0], zkVersion=0, replicas=[0], offlineReplicas=[]) to brokers Set(0) for partition response_topic-0 (state.change.logger)
[2018-11-25 15:30:56,221] TRACE [Controller id=0 epoch=10] Sending UpdateMetadata request PartitionState(controllerEpoch=1, leader=0, leaderEpoch=0, isr=[0], zkVersion=0, replicas=[0], offlineReplicas=[]) to brokers Set(0) for partition post_profile-0 (state.change.logger)
[2018-11-25 15:30:56,221] TRACE [Controller id=0 epoch=10] Sending UpdateMetadata request PartitionState(controllerEpoch=1, leader=0, leaderEpoch=0, isr=[0], zkVersion=0, replicas=[0], offlineReplicas=[]) to brokers Set(0) for partition post_bookproperty-0 (state.change.logger)
[2018-11-25 15:30:56,356] TRACE [Broker id=0] Cached leader info PartitionState(controllerEpoch=1, leader=0, leaderEpoch=0, isr=[0], zkVersion=0, replicas=[0], offlineReplicas=[]) for partition post_lyp-0 in response to UpdateMetadata request sent by controller 0 epoch 10 with correlation id 0 (state.change.logger)
[2018-11-25 15:30:56,356] TRACE [Broker id=0] Cached leader info PartitionState(controllerEpoch=1, leader=0, leaderEpoch=0, isr=[0], zkVersion=0, replicas=[0], offlineReplicas=[]) for partition post_login-0 in response to UpdateMetadata request sent by controller 0 epoch 10 with correlation id 0 (state.change.logger)
[2018-11-25 15:30:56,356] TRACE [Broker id=0] Cached leader info PartitionState(controllerEpoch=1, leader=0, leaderEpoch=0, isr=[0], zkVersion=0, replicas=[0], offlineReplicas=[]) for partition get_home-0 in response to UpdateMetadata request sent by controller 0 epoch 10 with correlation id 0 (state.change.logger)
[2018-11-25 15:30:56,356] TRACE [Broker id=0] Cached leader info PartitionState(controllerEpoch=1, leader=0, leaderEpoch=0, isr=[0], zkVersion=0, replicas=[0], offlineReplicas=[]) for partition post_signup-0 in response to UpdateMetadata request sent by controller 0 epoch 10 with correlation id 0 (state.change.logger)
[2018-11-25 15:30:56,356] TRACE [Broker id=0] Cached leader info PartitionState(controllerEpoch=1, leader=0, leaderEpoch=0, isr=[0], zkVersion=0, replicas=[0], offlineReplicas=[]) for partition get_propertyphotos-0 in response to UpdateMetadata request sent by controller 0 epoch 10 with correlation id 0 (state.change.logger)
[2018-11-25 15:30:56,357] TRACE [Broker id=0] Cached leader info PartitionState(controllerEpoch=1, leader=0, leaderEpoch=0, isr=[0], zkVersion=0, replicas=[0], offlineReplicas=[]) for partition post_profile-0 in response to UpdateMetadata request sent by controller 0 epoch 10 with correlation id 0 (state.change.logger)
[2018-11-25 15:30:56,357] TRACE [Broker id=0] Cached leader info PartitionState(controllerEpoch=1, leader=0, leaderEpoch=0, isr=[0], zkVersion=0, replicas=[0], offlineReplicas=[]) for partition get_searchresults-0 in response to UpdateMetadata request sent by controller 0 epoch 10 with correlation id 0 (state.change.logger)
[2018-11-25 15:30:56,357] TRACE [Broker id=0] Cached leader info PartitionState(controllerEpoch=1, leader=0, leaderEpoch=0, isr=[0], zkVersion=0, replicas=[0], offlineReplicas=[]) for partition response_topic-0 in response to UpdateMetadata request sent by controller 0 epoch 10 with correlation id 0 (state.change.logger)
[2018-11-25 15:30:56,357] TRACE [Broker id=0] Cached leader info PartitionState(controllerEpoch=1, leader=0, leaderEpoch=0, isr=[0], zkVersion=0, replicas=[0], offlineReplicas=[]) for partition post_book-0 in response to UpdateMetadata request sent by controller 0 epoch 10 with correlation id 0 (state.change.logger)
[2018-11-25 15:30:56,357] TRACE [Broker id=0] Cached leader info PartitionState(controllerEpoch=1, leader=0, leaderEpoch=0, isr=[0], zkVersion=0, replicas=[0], offlineReplicas=[]) for partition post_bookproperty-0 in response to UpdateMetadata request sent by controller 0 epoch 10 with correlation id 0 (state.change.logger)
[2018-11-25 15:30:56,357] TRACE [Broker id=0] Cached leader info PartitionState(controllerEpoch=1, leader=0, leaderEpoch=0, isr=[0], zkVersion=0, replicas=[0], offlineReplicas=[]) for partition get_dashboard-0 in response to UpdateMetadata request sent by controller 0 epoch 10 with correlation id 0 (state.change.logger)
[2018-11-25 15:30:56,357] TRACE [Broker id=0] Cached leader info PartitionState(controllerEpoch=1, leader=0, leaderEpoch=0, isr=[0], zkVersion=0, replicas=[0], offlineReplicas=[]) for partition get_inbox-0 in response to UpdateMetadata request sent by controller 0 epoch 10 with correlation id 0 (state.change.logger)
[2018-11-25 15:30:56,358] TRACE [Broker id=0] Cached leader info PartitionState(controllerEpoch=1, leader=0, leaderEpoch=0, isr=[0], zkVersion=0, replicas=[0], offlineReplicas=[]) for partition post_ownerlogin-0 in response to UpdateMetadata request sent by controller 0 epoch 10 with correlation id 0 (state.change.logger)
[2018-11-25 15:30:56,358] TRACE [Broker id=0] Cached leader info PartitionState(controllerEpoch=1, leader=0, leaderEpoch=0, isr=[0], zkVersion=0, replicas=[0], offlineReplicas=[]) for partition get_propertydetails-0 in response to UpdateMetadata request sent by controller 0 epoch 10 with correlation id 0 (state.change.logger)
[2018-11-25 15:30:56,358] TRACE [Broker id=0] Cached leader info PartitionState(controllerEpoch=1, leader=0, leaderEpoch=0, isr=[0], zkVersion=0, replicas=[0], offlineReplicas=[]) for partition post_sendmessage-0 in response to UpdateMetadata request sent by controller 0 epoch 10 with correlation id 0 (state.change.logger)
[2018-11-25 15:30:56,358] TRACE [Broker id=0] Cached leader info PartitionState(controllerEpoch=1, leader=0, leaderEpoch=0, isr=[0], zkVersion=0, replicas=[0], offlineReplicas=[]) for partition get_profile-0 in response to UpdateMetadata request sent by controller 0 epoch 10 with correlation id 0 (state.change.logger)
[2018-11-25 15:30:56,375] TRACE [Controller id=0 epoch=10] Received response {error_code=0} for request UPDATE_METADATA with correlation id 0 sent to broker 10.250.11.123:9092 (id: 0 rack: null) (state.change.logger)
[2018-11-25 15:30:56,412] TRACE [Controller id=0 epoch=10] Changed state of replica 0 for partition post_signup-0 from OnlineReplica to OnlineReplica (state.change.logger)
[2018-11-25 15:30:56,413] TRACE [Controller id=0 epoch=10] Changed state of replica 0 for partition post_book-0 from OnlineReplica to OnlineReplica (state.change.logger)
[2018-11-25 15:30:56,414] TRACE [Controller id=0 epoch=10] Changed state of replica 0 for partition get_profile-0 from OnlineReplica to OnlineReplica (state.change.logger)
[2018-11-25 15:30:56,415] TRACE [Controller id=0 epoch=10] Changed state of replica 0 for partition get_inbox-0 from OnlineReplica to OnlineReplica (state.change.logger)
[2018-11-25 15:30:56,415] TRACE [Controller id=0 epoch=10] Changed state of replica 0 for partition post_ownerlogin-0 from OnlineReplica to OnlineReplica (state.change.logger)
[2018-11-25 15:30:56,416] TRACE [Controller id=0 epoch=10] Changed state of replica 0 for partition get_home-0 from OnlineReplica to OnlineReplica (state.change.logger)
[2018-11-25 15:30:56,416] TRACE [Controller id=0 epoch=10] Changed state of replica 0 for partition response_topic-0 from OnlineReplica to OnlineReplica (state.change.logger)
[2018-11-25 15:30:56,416] TRACE [Controller id=0 epoch=10] Changed state of replica 0 for partition post_bookproperty-0 from OnlineReplica to OnlineReplica (state.change.logger)
[2018-11-25 15:30:56,417] TRACE [Controller id=0 epoch=10] Changed state of replica 0 for partition get_dashboard-0 from OnlineReplica to OnlineReplica (state.change.logger)
[2018-11-25 15:30:56,417] TRACE [Controller id=0 epoch=10] Changed state of replica 0 for partition post_login-0 from OnlineReplica to OnlineReplica (state.change.logger)
[2018-11-25 15:30:56,417] TRACE [Controller id=0 epoch=10] Changed state of replica 0 for partition get_propertyphotos-0 from OnlineReplica to OnlineReplica (state.change.logger)
[2018-11-25 15:30:56,418] TRACE [Controller id=0 epoch=10] Changed state of replica 0 for partition post_lyp-0 from OnlineReplica to OnlineReplica (state.change.logger)
[2018-11-25 15:30:56,418] TRACE [Controller id=0 epoch=10] Changed state of replica 0 for partition post_sendmessage-0 from OnlineReplica to OnlineReplica (state.change.logger)
[2018-11-25 15:30:56,418] TRACE [Controller id=0 epoch=10] Changed state of replica 0 for partition post_profile-0 from OnlineReplica to OnlineReplica (state.change.logger)
[2018-11-25 15:30:56,418] TRACE [Controller id=0 epoch=10] Changed state of replica 0 for partition get_searchresults-0 from OnlineReplica to OnlineReplica (state.change.logger)
[2018-11-25 15:30:56,418] TRACE [Controller id=0 epoch=10] Changed state of replica 0 for partition get_propertydetails-0 from OnlineReplica to OnlineReplica (state.change.logger)
[2018-11-25 15:30:56,422] TRACE [Controller id=0 epoch=10] Sending become-leader LeaderAndIsr request PartitionState(controllerEpoch=1, leader=0, leaderEpoch=0, isr=0, zkVersion=0, replicas=0, isNew=false) to broker 0 for partition post_lyp-0 (state.change.logger)
[2018-11-25 15:30:56,422] TRACE [Controller id=0 epoch=10] Sending become-leader LeaderAndIsr request PartitionState(controllerEpoch=1, leader=0, leaderEpoch=0, isr=0, zkVersion=0, replicas=0, isNew=false) to broker 0 for partition post_book-0 (state.change.logger)
[2018-11-25 15:30:56,422] TRACE [Controller id=0 epoch=10] Sending become-leader LeaderAndIsr request PartitionState(controllerEpoch=1, leader=0, leaderEpoch=0, isr=0, zkVersion=0, replicas=0, isNew=false) to broker 0 for partition get_inbox-0 (state.change.logger)
[2018-11-25 15:30:56,422] TRACE [Controller id=0 epoch=10] Sending become-leader LeaderAndIsr request PartitionState(controllerEpoch=1, leader=0, leaderEpoch=0, isr=0, zkVersion=0, replicas=0, isNew=false) to broker 0 for partition post_sendmessage-0 (state.change.logger)
[2018-11-25 15:30:56,422] TRACE [Controller id=0 epoch=10] Sending become-leader LeaderAndIsr request PartitionState(controllerEpoch=1, leader=0, leaderEpoch=0, isr=0, zkVersion=0, replicas=0, isNew=false) to broker 0 for partition get_profile-0 (state.change.logger)
[2018-11-25 15:30:56,422] TRACE [Controller id=0 epoch=10] Sending become-leader LeaderAndIsr request PartitionState(controllerEpoch=1, leader=0, leaderEpoch=0, isr=0, zkVersion=0, replicas=0, isNew=false) to broker 0 for partition get_home-0 (state.change.logger)
[2018-11-25 15:30:56,422] TRACE [Controller id=0 epoch=10] Sending become-leader LeaderAndIsr request PartitionState(controllerEpoch=1, leader=0, leaderEpoch=0, isr=0, zkVersion=0, replicas=0, isNew=false) to broker 0 for partition post_signup-0 (state.change.logger)
[2018-11-25 15:30:56,422] TRACE [Controller id=0 epoch=10] Sending become-leader LeaderAndIsr request PartitionState(controllerEpoch=1, leader=0, leaderEpoch=0, isr=0, zkVersion=0, replicas=0, isNew=false) to broker 0 for partition get_searchresults-0 (state.change.logger)
[2018-11-25 15:30:56,422] TRACE [Controller id=0 epoch=10] Sending become-leader LeaderAndIsr request PartitionState(controllerEpoch=1, leader=0, leaderEpoch=0, isr=0, zkVersion=0, replicas=0, isNew=false) to broker 0 for partition get_dashboard-0 (state.change.logger)
[2018-11-25 15:30:56,422] TRACE [Controller id=0 epoch=10] Sending become-leader LeaderAndIsr request PartitionState(controllerEpoch=1, leader=0, leaderEpoch=0, isr=0, zkVersion=0, replicas=0, isNew=false) to broker 0 for partition get_propertydetails-0 (state.change.logger)
[2018-11-25 15:30:56,422] TRACE [Controller id=0 epoch=10] Sending become-leader LeaderAndIsr request PartitionState(controllerEpoch=1, leader=0, leaderEpoch=0, isr=0, zkVersion=0, replicas=0, isNew=false) to broker 0 for partition post_ownerlogin-0 (state.change.logger)
[2018-11-25 15:30:56,422] TRACE [Controller id=0 epoch=10] Sending become-leader LeaderAndIsr request PartitionState(controllerEpoch=1, leader=0, leaderEpoch=0, isr=0, zkVersion=0, replicas=0, isNew=false) to broker 0 for partition post_login-0 (state.change.logger)
[2018-11-25 15:30:56,422] TRACE [Controller id=0 epoch=10] Sending become-leader LeaderAndIsr request PartitionState(controllerEpoch=1, leader=0, leaderEpoch=0, isr=0, zkVersion=0, replicas=0, isNew=false) to broker 0 for partition get_propertyphotos-0 (state.change.logger)
[2018-11-25 15:30:56,422] TRACE [Controller id=0 epoch=10] Sending become-leader LeaderAndIsr request PartitionState(controllerEpoch=1, leader=0, leaderEpoch=0, isr=0, zkVersion=0, replicas=0, isNew=false) to broker 0 for partition post_profile-0 (state.change.logger)
[2018-11-25 15:30:56,423] TRACE [Controller id=0 epoch=10] Sending become-leader LeaderAndIsr request PartitionState(controllerEpoch=1, leader=0, leaderEpoch=0, isr=0, zkVersion=0, replicas=0, isNew=false) to broker 0 for partition response_topic-0 (state.change.logger)
[2018-11-25 15:30:56,423] TRACE [Controller id=0 epoch=10] Sending become-leader LeaderAndIsr request PartitionState(controllerEpoch=1, leader=0, leaderEpoch=0, isr=0, zkVersion=0, replicas=0, isNew=false) to broker 0 for partition post_bookproperty-0 (state.change.logger)
[2018-11-25 15:30:56,425] TRACE [Controller id=0 epoch=10] Sending UpdateMetadata request PartitionState(controllerEpoch=1, leader=0, leaderEpoch=0, isr=[0], zkVersion=0, replicas=[0], offlineReplicas=[]) to brokers Set(0) for partition post_lyp-0 (state.change.logger)
[2018-11-25 15:30:56,425] TRACE [Controller id=0 epoch=10] Sending UpdateMetadata request PartitionState(controllerEpoch=1, leader=0, leaderEpoch=0, isr=[0], zkVersion=0, replicas=[0], offlineReplicas=[]) to brokers Set(0) for partition post_book-0 (state.change.logger)
[2018-11-25 15:30:56,425] TRACE [Controller id=0 epoch=10] Sending UpdateMetadata request PartitionState(controllerEpoch=1, leader=0, leaderEpoch=0, isr=[0], zkVersion=0, replicas=[0], offlineReplicas=[]) to brokers Set(0) for partition get_inbox-0 (state.change.logger)
[2018-11-25 15:30:56,425] TRACE [Controller id=0 epoch=10] Sending UpdateMetadata request PartitionState(controllerEpoch=1, leader=0, leaderEpoch=0, isr=[0], zkVersion=0, replicas=[0], offlineReplicas=[]) to brokers Set(0) for partition post_sendmessage-0 (state.change.logger)
[2018-11-25 15:30:56,429] TRACE [Controller id=0 epoch=10] Sending UpdateMetadata request PartitionState(controllerEpoch=1, leader=0, leaderEpoch=0, isr=[0], zkVersion=0, replicas=[0], offlineReplicas=[]) to brokers Set(0) for partition get_profile-0 (state.change.logger)
[2018-11-25 15:30:56,429] TRACE [Controller id=0 epoch=10] Sending UpdateMetadata request PartitionState(controllerEpoch=1, leader=0, leaderEpoch=0, isr=[0], zkVersion=0, replicas=[0], offlineReplicas=[]) to brokers Set(0) for partition get_home-0 (state.change.logger)
[2018-11-25 15:30:56,429] TRACE [Controller id=0 epoch=10] Sending UpdateMetadata request PartitionState(controllerEpoch=1, leader=0, leaderEpoch=0, isr=[0], zkVersion=0, replicas=[0], offlineReplicas=[]) to brokers Set(0) for partition post_signup-0 (state.change.logger)
[2018-11-25 15:30:56,429] TRACE [Controller id=0 epoch=10] Sending UpdateMetadata request PartitionState(controllerEpoch=1, leader=0, leaderEpoch=0, isr=[0], zkVersion=0, replicas=[0], offlineReplicas=[]) to brokers Set(0) for partition get_searchresults-0 (state.change.logger)
[2018-11-25 15:30:56,429] TRACE [Controller id=0 epoch=10] Sending UpdateMetadata request PartitionState(controllerEpoch=1, leader=0, leaderEpoch=0, isr=[0], zkVersion=0, replicas=[0], offlineReplicas=[]) to brokers Set(0) for partition get_dashboard-0 (state.change.logger)
[2018-11-25 15:30:56,430] TRACE [Controller id=0 epoch=10] Sending UpdateMetadata request PartitionState(controllerEpoch=1, leader=0, leaderEpoch=0, isr=[0], zkVersion=0, replicas=[0], offlineReplicas=[]) to brokers Set(0) for partition get_propertydetails-0 (state.change.logger)
[2018-11-25 15:30:56,430] TRACE [Controller id=0 epoch=10] Sending UpdateMetadata request PartitionState(controllerEpoch=1, leader=0, leaderEpoch=0, isr=[0], zkVersion=0, replicas=[0], offlineReplicas=[]) to brokers Set(0) for partition post_ownerlogin-0 (state.change.logger)
[2018-11-25 15:30:56,430] TRACE [Controller id=0 epoch=10] Sending UpdateMetadata request PartitionState(controllerEpoch=1, leader=0, leaderEpoch=0, isr=[0], zkVersion=0, replicas=[0], offlineReplicas=[]) to brokers Set(0) for partition post_login-0 (state.change.logger)
[2018-11-25 15:30:56,430] TRACE [Controller id=0 epoch=10] Sending UpdateMetadata request PartitionState(controllerEpoch=1, leader=0, leaderEpoch=0, isr=[0], zkVersion=0, replicas=[0], offlineReplicas=[]) to brokers Set(0) for partition get_propertyphotos-0 (state.change.logger)
[2018-11-25 15:30:56,430] TRACE [Controller id=0 epoch=10] Sending UpdateMetadata request PartitionState(controllerEpoch=1, leader=0, leaderEpoch=0, isr=[0], zkVersion=0, replicas=[0], offlineReplicas=[]) to brokers Set(0) for partition post_profile-0 (state.change.logger)
[2018-11-25 15:30:56,430] TRACE [Controller id=0 epoch=10] Sending UpdateMetadata request PartitionState(controllerEpoch=1, leader=0, leaderEpoch=0, isr=[0], zkVersion=0, replicas=[0], offlineReplicas=[]) to brokers Set(0) for partition response_topic-0 (state.change.logger)
[2018-11-25 15:30:56,431] TRACE [Controller id=0 epoch=10] Sending UpdateMetadata request PartitionState(controllerEpoch=1, leader=0, leaderEpoch=0, isr=[0], zkVersion=0, replicas=[0], offlineReplicas=[]) to brokers Set(0) for partition post_bookproperty-0 (state.change.logger)
[2018-11-25 15:30:56,436] TRACE [Broker id=0] Received LeaderAndIsr request PartitionState(controllerEpoch=1, leader=0, leaderEpoch=0, isr=0, zkVersion=0, replicas=0, isNew=false) correlation id 1 from controller 0 epoch 10 for partition post_lyp-0 (state.change.logger)
[2018-11-25 15:30:56,436] TRACE [Broker id=0] Received LeaderAndIsr request PartitionState(controllerEpoch=1, leader=0, leaderEpoch=0, isr=0, zkVersion=0, replicas=0, isNew=false) correlation id 1 from controller 0 epoch 10 for partition post_login-0 (state.change.logger)
[2018-11-25 15:30:56,436] TRACE [Broker id=0] Received LeaderAndIsr request PartitionState(controllerEpoch=1, leader=0, leaderEpoch=0, isr=0, zkVersion=0, replicas=0, isNew=false) correlation id 1 from controller 0 epoch 10 for partition get_home-0 (state.change.logger)
[2018-11-25 15:30:56,436] TRACE [Broker id=0] Received LeaderAndIsr request PartitionState(controllerEpoch=1, leader=0, leaderEpoch=0, isr=0, zkVersion=0, replicas=0, isNew=false) correlation id 1 from controller 0 epoch 10 for partition post_signup-0 (state.change.logger)
[2018-11-25 15:30:56,436] TRACE [Broker id=0] Received LeaderAndIsr request PartitionState(controllerEpoch=1, leader=0, leaderEpoch=0, isr=0, zkVersion=0, replicas=0, isNew=false) correlation id 1 from controller 0 epoch 10 for partition get_propertyphotos-0 (state.change.logger)
[2018-11-25 15:30:56,436] TRACE [Broker id=0] Received LeaderAndIsr request PartitionState(controllerEpoch=1, leader=0, leaderEpoch=0, isr=0, zkVersion=0, replicas=0, isNew=false) correlation id 1 from controller 0 epoch 10 for partition post_profile-0 (state.change.logger)
[2018-11-25 15:30:56,436] TRACE [Broker id=0] Received LeaderAndIsr request PartitionState(controllerEpoch=1, leader=0, leaderEpoch=0, isr=0, zkVersion=0, replicas=0, isNew=false) correlation id 1 from controller 0 epoch 10 for partition get_searchresults-0 (state.change.logger)
[2018-11-25 15:30:56,436] TRACE [Broker id=0] Received LeaderAndIsr request PartitionState(controllerEpoch=1, leader=0, leaderEpoch=0, isr=0, zkVersion=0, replicas=0, isNew=false) correlation id 1 from controller 0 epoch 10 for partition response_topic-0 (state.change.logger)
[2018-11-25 15:30:56,436] TRACE [Broker id=0] Received LeaderAndIsr request PartitionState(controllerEpoch=1, leader=0, leaderEpoch=0, isr=0, zkVersion=0, replicas=0, isNew=false) correlation id 1 from controller 0 epoch 10 for partition post_book-0 (state.change.logger)
[2018-11-25 15:30:56,437] TRACE [Broker id=0] Received LeaderAndIsr request PartitionState(controllerEpoch=1, leader=0, leaderEpoch=0, isr=0, zkVersion=0, replicas=0, isNew=false) correlation id 1 from controller 0 epoch 10 for partition post_bookproperty-0 (state.change.logger)
[2018-11-25 15:30:56,437] TRACE [Broker id=0] Received LeaderAndIsr request PartitionState(controllerEpoch=1, leader=0, leaderEpoch=0, isr=0, zkVersion=0, replicas=0, isNew=false) correlation id 1 from controller 0 epoch 10 for partition get_dashboard-0 (state.change.logger)
[2018-11-25 15:30:56,437] TRACE [Broker id=0] Received LeaderAndIsr request PartitionState(controllerEpoch=1, leader=0, leaderEpoch=0, isr=0, zkVersion=0, replicas=0, isNew=false) correlation id 1 from controller 0 epoch 10 for partition get_inbox-0 (state.change.logger)
[2018-11-25 15:30:56,437] TRACE [Broker id=0] Received LeaderAndIsr request PartitionState(controllerEpoch=1, leader=0, leaderEpoch=0, isr=0, zkVersion=0, replicas=0, isNew=false) correlation id 1 from controller 0 epoch 10 for partition post_ownerlogin-0 (state.change.logger)
[2018-11-25 15:30:56,437] TRACE [Broker id=0] Received LeaderAndIsr request PartitionState(controllerEpoch=1, leader=0, leaderEpoch=0, isr=0, zkVersion=0, replicas=0, isNew=false) correlation id 1 from controller 0 epoch 10 for partition get_propertydetails-0 (state.change.logger)
[2018-11-25 15:30:56,437] TRACE [Broker id=0] Received LeaderAndIsr request PartitionState(controllerEpoch=1, leader=0, leaderEpoch=0, isr=0, zkVersion=0, replicas=0, isNew=false) correlation id 1 from controller 0 epoch 10 for partition post_sendmessage-0 (state.change.logger)
[2018-11-25 15:30:56,437] TRACE [Broker id=0] Received LeaderAndIsr request PartitionState(controllerEpoch=1, leader=0, leaderEpoch=0, isr=0, zkVersion=0, replicas=0, isNew=false) correlation id 1 from controller 0 epoch 10 for partition get_profile-0 (state.change.logger)
[2018-11-25 15:30:56,466] TRACE [Broker id=0] Handling LeaderAndIsr request correlationId 1 from controller 0 epoch 10 starting the become-leader transition for partition post_lyp-0 (state.change.logger)
[2018-11-25 15:30:56,466] TRACE [Broker id=0] Handling LeaderAndIsr request correlationId 1 from controller 0 epoch 10 starting the become-leader transition for partition post_signup-0 (state.change.logger)
[2018-11-25 15:30:56,467] TRACE [Broker id=0] Handling LeaderAndIsr request correlationId 1 from controller 0 epoch 10 starting the become-leader transition for partition post_book-0 (state.change.logger)
[2018-11-25 15:30:56,467] TRACE [Broker id=0] Handling LeaderAndIsr request correlationId 1 from controller 0 epoch 10 starting the become-leader transition for partition post_sendmessage-0 (state.change.logger)
[2018-11-25 15:30:56,467] TRACE [Broker id=0] Handling LeaderAndIsr request correlationId 1 from controller 0 epoch 10 starting the become-leader transition for partition get_inbox-0 (state.change.logger)
[2018-11-25 15:30:56,467] TRACE [Broker id=0] Handling LeaderAndIsr request correlationId 1 from controller 0 epoch 10 starting the become-leader transition for partition get_profile-0 (state.change.logger)
[2018-11-25 15:30:56,467] TRACE [Broker id=0] Handling LeaderAndIsr request correlationId 1 from controller 0 epoch 10 starting the become-leader transition for partition get_home-0 (state.change.logger)
[2018-11-25 15:30:56,467] TRACE [Broker id=0] Handling LeaderAndIsr request correlationId 1 from controller 0 epoch 10 starting the become-leader transition for partition get_searchresults-0 (state.change.logger)
[2018-11-25 15:30:56,467] TRACE [Broker id=0] Handling LeaderAndIsr request correlationId 1 from controller 0 epoch 10 starting the become-leader transition for partition post_ownerlogin-0 (state.change.logger)
[2018-11-25 15:30:56,467] TRACE [Broker id=0] Handling LeaderAndIsr request correlationId 1 from controller 0 epoch 10 starting the become-leader transition for partition get_dashboard-0 (state.change.logger)
[2018-11-25 15:30:56,467] TRACE [Broker id=0] Handling LeaderAndIsr request correlationId 1 from controller 0 epoch 10 starting the become-leader transition for partition get_propertydetails-0 (state.change.logger)
[2018-11-25 15:30:56,467] TRACE [Broker id=0] Handling LeaderAndIsr request correlationId 1 from controller 0 epoch 10 starting the become-leader transition for partition post_profile-0 (state.change.logger)
[2018-11-25 15:30:56,467] TRACE [Broker id=0] Handling LeaderAndIsr request correlationId 1 from controller 0 epoch 10 starting the become-leader transition for partition response_topic-0 (state.change.logger)
[2018-11-25 15:30:56,467] TRACE [Broker id=0] Handling LeaderAndIsr request correlationId 1 from controller 0 epoch 10 starting the become-leader transition for partition post_bookproperty-0 (state.change.logger)
[2018-11-25 15:30:56,467] TRACE [Broker id=0] Handling LeaderAndIsr request correlationId 1 from controller 0 epoch 10 starting the become-leader transition for partition post_login-0 (state.change.logger)
[2018-11-25 15:30:56,467] TRACE [Broker id=0] Handling LeaderAndIsr request correlationId 1 from controller 0 epoch 10 starting the become-leader transition for partition get_propertyphotos-0 (state.change.logger)
[2018-11-25 15:30:56,545] TRACE [Broker id=0] Stopped fetchers as part of become-leader request from controller 0 epoch 10 with correlation id 1 for partition post_lyp-0 (last update controller epoch 1) (state.change.logger)
[2018-11-25 15:30:56,552] TRACE [Broker id=0] Stopped fetchers as part of become-leader request from controller 0 epoch 10 with correlation id 1 for partition post_signup-0 (last update controller epoch 1) (state.change.logger)
[2018-11-25 15:30:56,561] TRACE [Broker id=0] Stopped fetchers as part of become-leader request from controller 0 epoch 10 with correlation id 1 for partition post_book-0 (last update controller epoch 1) (state.change.logger)
[2018-11-25 15:30:56,568] TRACE [Broker id=0] Stopped fetchers as part of become-leader request from controller 0 epoch 10 with correlation id 1 for partition post_sendmessage-0 (last update controller epoch 1) (state.change.logger)
[2018-11-25 15:30:56,573] TRACE [Broker id=0] Stopped fetchers as part of become-leader request from controller 0 epoch 10 with correlation id 1 for partition get_inbox-0 (last update controller epoch 1) (state.change.logger)
[2018-11-25 15:30:56,577] TRACE [Broker id=0] Stopped fetchers as part of become-leader request from controller 0 epoch 10 with correlation id 1 for partition get_profile-0 (last update controller epoch 1) (state.change.logger)
[2018-11-25 15:30:56,582] TRACE [Broker id=0] Stopped fetchers as part of become-leader request from controller 0 epoch 10 with correlation id 1 for partition get_home-0 (last update controller epoch 1) (state.change.logger)
[2018-11-25 15:30:56,587] TRACE [Broker id=0] Stopped fetchers as part of become-leader request from controller 0 epoch 10 with correlation id 1 for partition get_searchresults-0 (last update controller epoch 1) (state.change.logger)
[2018-11-25 15:30:56,594] TRACE [Broker id=0] Stopped fetchers as part of become-leader request from controller 0 epoch 10 with correlation id 1 for partition post_ownerlogin-0 (last update controller epoch 1) (state.change.logger)
[2018-11-25 15:30:56,602] TRACE [Broker id=0] Stopped fetchers as part of become-leader request from controller 0 epoch 10 with correlation id 1 for partition get_dashboard-0 (last update controller epoch 1) (state.change.logger)
[2018-11-25 15:30:56,607] TRACE [Broker id=0] Stopped fetchers as part of become-leader request from controller 0 epoch 10 with correlation id 1 for partition get_propertydetails-0 (last update controller epoch 1) (state.change.logger)
[2018-11-25 15:30:56,611] TRACE [Broker id=0] Stopped fetchers as part of become-leader request from controller 0 epoch 10 with correlation id 1 for partition post_profile-0 (last update controller epoch 1) (state.change.logger)
[2018-11-25 15:30:56,615] TRACE [Broker id=0] Stopped fetchers as part of become-leader request from controller 0 epoch 10 with correlation id 1 for partition response_topic-0 (last update controller epoch 1) (state.change.logger)
[2018-11-25 15:30:56,620] TRACE [Broker id=0] Stopped fetchers as part of become-leader request from controller 0 epoch 10 with correlation id 1 for partition post_bookproperty-0 (last update controller epoch 1) (state.change.logger)
[2018-11-25 15:30:56,624] TRACE [Broker id=0] Stopped fetchers as part of become-leader request from controller 0 epoch 10 with correlation id 1 for partition post_login-0 (last update controller epoch 1) (state.change.logger)
[2018-11-25 15:30:56,629] TRACE [Broker id=0] Stopped fetchers as part of become-leader request from controller 0 epoch 10 with correlation id 1 for partition get_propertyphotos-0 (last update controller epoch 1) (state.change.logger)
[2018-11-25 15:30:56,633] TRACE [Broker id=0] Completed LeaderAndIsr request correlationId 1 from controller 0 epoch 10 for the become-leader transition for partition post_lyp-0 (state.change.logger)
[2018-11-25 15:30:56,633] TRACE [Broker id=0] Completed LeaderAndIsr request correlationId 1 from controller 0 epoch 10 for the become-leader transition for partition post_signup-0 (state.change.logger)
[2018-11-25 15:30:56,633] TRACE [Broker id=0] Completed LeaderAndIsr request correlationId 1 from controller 0 epoch 10 for the become-leader transition for partition post_book-0 (state.change.logger)
[2018-11-25 15:30:56,633] TRACE [Broker id=0] Completed LeaderAndIsr request correlationId 1 from controller 0 epoch 10 for the become-leader transition for partition post_sendmessage-0 (state.change.logger)
[2018-11-25 15:30:56,633] TRACE [Broker id=0] Completed LeaderAndIsr request correlationId 1 from controller 0 epoch 10 for the become-leader transition for partition get_inbox-0 (state.change.logger)
[2018-11-25 15:30:56,633] TRACE [Broker id=0] Completed LeaderAndIsr request correlationId 1 from controller 0 epoch 10 for the become-leader transition for partition get_profile-0 (state.change.logger)
[2018-11-25 15:30:56,633] TRACE [Broker id=0] Completed LeaderAndIsr request correlationId 1 from controller 0 epoch 10 for the become-leader transition for partition get_home-0 (state.change.logger)
[2018-11-25 15:30:56,633] TRACE [Broker id=0] Completed LeaderAndIsr request correlationId 1 from controller 0 epoch 10 for the become-leader transition for partition get_searchresults-0 (state.change.logger)
[2018-11-25 15:30:56,633] TRACE [Broker id=0] Completed LeaderAndIsr request correlationId 1 from controller 0 epoch 10 for the become-leader transition for partition post_ownerlogin-0 (state.change.logger)
[2018-11-25 15:30:56,633] TRACE [Broker id=0] Completed LeaderAndIsr request correlationId 1 from controller 0 epoch 10 for the become-leader transition for partition get_dashboard-0 (state.change.logger)
[2018-11-25 15:30:56,633] TRACE [Broker id=0] Completed LeaderAndIsr request correlationId 1 from controller 0 epoch 10 for the become-leader transition for partition get_propertydetails-0 (state.change.logger)
[2018-11-25 15:30:56,633] TRACE [Broker id=0] Completed LeaderAndIsr request correlationId 1 from controller 0 epoch 10 for the become-leader transition for partition post_profile-0 (state.change.logger)
[2018-11-25 15:30:56,633] TRACE [Broker id=0] Completed LeaderAndIsr request correlationId 1 from controller 0 epoch 10 for the become-leader transition for partition response_topic-0 (state.change.logger)
[2018-11-25 15:30:56,633] TRACE [Broker id=0] Completed LeaderAndIsr request correlationId 1 from controller 0 epoch 10 for the become-leader transition for partition post_bookproperty-0 (state.change.logger)
[2018-11-25 15:30:56,633] TRACE [Broker id=0] Completed LeaderAndIsr request correlationId 1 from controller 0 epoch 10 for the become-leader transition for partition post_login-0 (state.change.logger)
[2018-11-25 15:30:56,633] TRACE [Broker id=0] Completed LeaderAndIsr request correlationId 1 from controller 0 epoch 10 for the become-leader transition for partition get_propertyphotos-0 (state.change.logger)
[2018-11-25 15:30:56,664] TRACE [Controller id=0 epoch=10] Received response {error_code=0,partitions=[{topic=post_lyp,partition=0,error_code=0},{topic=post_login,partition=0,error_code=0},{topic=get_home,partition=0,error_code=0},{topic=post_signup,partition=0,error_code=0},{topic=get_propertyphotos,partition=0,error_code=0},{topic=post_profile,partition=0,error_code=0},{topic=get_searchresults,partition=0,error_code=0},{topic=response_topic,partition=0,error_code=0},{topic=post_book,partition=0,error_code=0},{topic=post_bookproperty,partition=0,error_code=0},{topic=get_dashboard,partition=0,error_code=0},{topic=get_inbox,partition=0,error_code=0},{topic=post_ownerlogin,partition=0,error_code=0},{topic=get_propertydetails,partition=0,error_code=0},{topic=post_sendmessage,partition=0,error_code=0},{topic=get_profile,partition=0,error_code=0}]} for request LEADER_AND_ISR with correlation id 1 sent to broker 10.250.11.123:9092 (id: 0 rack: null) (state.change.logger)
[2018-11-25 15:30:56,670] TRACE [Broker id=0] Cached leader info PartitionState(controllerEpoch=1, leader=0, leaderEpoch=0, isr=[0], zkVersion=0, replicas=[0], offlineReplicas=[]) for partition post_lyp-0 in response to UpdateMetadata request sent by controller 0 epoch 10 with correlation id 2 (state.change.logger)
[2018-11-25 15:30:56,670] TRACE [Broker id=0] Cached leader info PartitionState(controllerEpoch=1, leader=0, leaderEpoch=0, isr=[0], zkVersion=0, replicas=[0], offlineReplicas=[]) for partition post_login-0 in response to UpdateMetadata request sent by controller 0 epoch 10 with correlation id 2 (state.change.logger)
[2018-11-25 15:30:56,670] TRACE [Broker id=0] Cached leader info PartitionState(controllerEpoch=1, leader=0, leaderEpoch=0, isr=[0], zkVersion=0, replicas=[0], offlineReplicas=[]) for partition get_home-0 in response to UpdateMetadata request sent by controller 0 epoch 10 with correlation id 2 (state.change.logger)
[2018-11-25 15:30:56,670] TRACE [Broker id=0] Cached leader info PartitionState(controllerEpoch=1, leader=0, leaderEpoch=0, isr=[0], zkVersion=0, replicas=[0], offlineReplicas=[]) for partition post_signup-0 in response to UpdateMetadata request sent by controller 0 epoch 10 with correlation id 2 (state.change.logger)
[2018-11-25 15:30:56,670] TRACE [Broker id=0] Cached leader info PartitionState(controllerEpoch=1, leader=0, leaderEpoch=0, isr=[0], zkVersion=0, replicas=[0], offlineReplicas=[]) for partition get_propertyphotos-0 in response to UpdateMetadata request sent by controller 0 epoch 10 with correlation id 2 (state.change.logger)
[2018-11-25 15:30:56,671] TRACE [Broker id=0] Cached leader info PartitionState(controllerEpoch=1, leader=0, leaderEpoch=0, isr=[0], zkVersion=0, replicas=[0], offlineReplicas=[]) for partition post_profile-0 in response to UpdateMetadata request sent by controller 0 epoch 10 with correlation id 2 (state.change.logger)
[2018-11-25 15:30:56,671] TRACE [Broker id=0] Cached leader info PartitionState(controllerEpoch=1, leader=0, leaderEpoch=0, isr=[0], zkVersion=0, replicas=[0], offlineReplicas=[]) for partition get_searchresults-0 in response to UpdateMetadata request sent by controller 0 epoch 10 with correlation id 2 (state.change.logger)
[2018-11-25 15:30:56,671] TRACE [Broker id=0] Cached leader info PartitionState(controllerEpoch=1, leader=0, leaderEpoch=0, isr=[0], zkVersion=0, replicas=[0], offlineReplicas=[]) for partition response_topic-0 in response to UpdateMetadata request sent by controller 0 epoch 10 with correlation id 2 (state.change.logger)
[2018-11-25 15:30:56,671] TRACE [Broker id=0] Cached leader info PartitionState(controllerEpoch=1, leader=0, leaderEpoch=0, isr=[0], zkVersion=0, replicas=[0], offlineReplicas=[]) for partition post_book-0 in response to UpdateMetadata request sent by controller 0 epoch 10 with correlation id 2 (state.change.logger)
[2018-11-25 15:30:56,671] TRACE [Broker id=0] Cached leader info PartitionState(controllerEpoch=1, leader=0, leaderEpoch=0, isr=[0], zkVersion=0, replicas=[0], offlineReplicas=[]) for partition post_bookproperty-0 in response to UpdateMetadata request sent by controller 0 epoch 10 with correlation id 2 (state.change.logger)
[2018-11-25 15:30:56,671] TRACE [Broker id=0] Cached leader info PartitionState(controllerEpoch=1, leader=0, leaderEpoch=0, isr=[0], zkVersion=0, replicas=[0], offlineReplicas=[]) for partition get_dashboard-0 in response to UpdateMetadata request sent by controller 0 epoch 10 with correlation id 2 (state.change.logger)
[2018-11-25 15:30:56,671] TRACE [Broker id=0] Cached leader info PartitionState(controllerEpoch=1, leader=0, leaderEpoch=0, isr=[0], zkVersion=0, replicas=[0], offlineReplicas=[]) for partition get_inbox-0 in response to UpdateMetadata request sent by controller 0 epoch 10 with correlation id 2 (state.change.logger)
[2018-11-25 15:30:56,671] TRACE [Broker id=0] Cached leader info PartitionState(controllerEpoch=1, leader=0, leaderEpoch=0, isr=[0], zkVersion=0, replicas=[0], offlineReplicas=[]) for partition post_ownerlogin-0 in response to UpdateMetadata request sent by controller 0 epoch 10 with correlation id 2 (state.change.logger)
[2018-11-25 15:30:56,671] TRACE [Broker id=0] Cached leader info PartitionState(controllerEpoch=1, leader=0, leaderEpoch=0, isr=[0], zkVersion=0, replicas=[0], offlineReplicas=[]) for partition get_propertydetails-0 in response to UpdateMetadata request sent by controller 0 epoch 10 with correlation id 2 (state.change.logger)
[2018-11-25 15:30:56,671] TRACE [Broker id=0] Cached leader info PartitionState(controllerEpoch=1, leader=0, leaderEpoch=0, isr=[0], zkVersion=0, replicas=[0], offlineReplicas=[]) for partition post_sendmessage-0 in response to UpdateMetadata request sent by controller 0 epoch 10 with correlation id 2 (state.change.logger)
[2018-11-25 15:30:56,671] TRACE [Broker id=0] Cached leader info PartitionState(controllerEpoch=1, leader=0, leaderEpoch=0, isr=[0], zkVersion=0, replicas=[0], offlineReplicas=[]) for partition get_profile-0 in response to UpdateMetadata request sent by controller 0 epoch 10 with correlation id 2 (state.change.logger)
[2018-11-25 15:30:56,672] TRACE [Controller id=0 epoch=10] Received response {error_code=0} for request UPDATE_METADATA with correlation id 2 sent to broker 10.250.11.123:9092 (id: 0 rack: null) (state.change.logger)
